#! /c/Source/iverilog-install/bin/vvp
:ivl_version "12.0 (devel)" "(s20150603-1539-g2693dd32b)";
:ivl_delay_selection "TYPICAL";
:vpi_time_precision + 0;
:vpi_module "C:\iverilog\lib\ivl\system.vpi";
:vpi_module "C:\iverilog\lib\ivl\vhdl_sys.vpi";
:vpi_module "C:\iverilog\lib\ivl\vhdl_textio.vpi";
:vpi_module "C:\iverilog\lib\ivl\v2005_math.vpi";
:vpi_module "C:\iverilog\lib\ivl\va_math.vpi";
S_0000020adba32db0 .scope module, "mux_C" "mux_C" 2 1;
 .timescale 0 0;
    .port_info 0 /INPUT 2 "sel";
    .port_info 1 /INPUT 32 "PC_1";
    .port_info 2 /INPUT 32 "BrA";
    .port_info 3 /INPUT 32 "RAA";
    .port_info 4 /OUTPUT 32 "PC";
o0000020adba66fb8 .functor BUFZ 32, C4<zzzzzzzzzzzzzzzzzzzzzzzzzzzzzzzz>; HiZ drive
v0000020adba336a0_0 .net "BrA", 31 0, o0000020adba66fb8;  0 drivers
v0000020adba33310_0 .var "PC", 31 0;
o0000020adba67018 .functor BUFZ 32, C4<zzzzzzzzzzzzzzzzzzzzzzzzzzzzzzzz>; HiZ drive
v0000020adba32f40_0 .net "PC_1", 31 0, o0000020adba67018;  0 drivers
o0000020adba67048 .functor BUFZ 32, C4<zzzzzzzzzzzzzzzzzzzzzzzzzzzzzzzz>; HiZ drive
v0000020adba32fe0_0 .net "RAA", 31 0, o0000020adba67048;  0 drivers
o0000020adba67078 .functor BUFZ 2, C4<zz>; HiZ drive
v0000020adba33080_0 .net "sel", 1 0, o0000020adba67078;  0 drivers
E_0000020adba18630 .event anyedge, v0000020adba33080_0, v0000020adba32f40_0, v0000020adba336a0_0, v0000020adba32fe0_0;
    .scope S_0000020adba32db0;
T_0 ;
    %wait E_0000020adba18630;
    %load/vec4 v0000020adba33080_0;
    %dup/vec4;
    %pushi/vec4 0, 0, 2;
    %cmp/u;
    %jmp/1 T_0.0, 6;
    %dup/vec4;
    %pushi/vec4 3, 2, 2;
    %cmp/u;
    %jmp/1 T_0.1, 6;
    %dup/vec4;
    %pushi/vec4 2, 0, 2;
    %cmp/u;
    %jmp/1 T_0.2, 6;
    %jmp T_0.3;
T_0.0 ;
    %load/vec4 v0000020adba32f40_0;
    %store/vec4 v0000020adba33310_0, 0, 32;
    %jmp T_0.3;
T_0.1 ;
    %load/vec4 v0000020adba336a0_0;
    %store/vec4 v0000020adba33310_0, 0, 32;
    %jmp T_0.3;
T_0.2 ;
    %load/vec4 v0000020adba32fe0_0;
    %store/vec4 v0000020adba33310_0, 0, 32;
    %jmp T_0.3;
T_0.3 ;
    %pop/vec4 1;
    %jmp T_0;
    .thread T_0, $push;
# The file index is used to find the file name in the following table.
:file_names 3;
    "N/A";
    "<interactive>";
    "mux_C.v";
